RRRPRRRPRPRPPSSSSSSSSSSSSSSSSSSS
RRRPRRRPRRRPRRRPRRRPRRRPRRRPPSSS
RRRPRRRPRRRPRRRPRRRPPPPPPPPPPPPS
RRRPRRRPRRRPRRRPRPPPPSSSSSSSSSSS
RRRPRRRPRPRPPPPPPPPPPPPPPPPPPSSS
RPRPPPPPPPPSSSSSSSSSSSSSSSSSSSSS
RRRPRRRPRRRPRRRPRRRPRRRPRRRPPSSS
RRRPRRRPRRRPRRRPRRRPRRRPPSSSSSSS
RRRPRRRPPPPPPPPPPPSSSSSSSSSSSSSS
RRRPRRRPRRRPRRRPRRRPPPPSSSSSSSSS
RRRPPPPPPPPPPPPPPPPPPPPPPPPPPPSS
RRRPRRRPRRRPRRRPRRRPRRRPRRRPPSSS
RRRPRRRPRPRPSSSSSSSSSSSSSSSSSSSS
RRRPRRRPRRRPRRRPRPPSSSSSSSSSSSSS
RRRPRRRPRRRPRRRPRRRPRRRPRPRPPSSS
RRRPRRRPRRRPRRRPRRRPPPPPPPPPPPSS
RRRPRRRPRRRPRPRSSSSSSSSSSSSSSSSS
RRRPPPPPPPPPPPPPPPPPPPPPPPSSSSSS
RRRPRRRPRRRPRRRPRRRPPPPPPPPPPPPS
RRRPRRRPRRRPRRRPRRRPRRRPRRRPRPPS
RRRPRRRPPPPPPSSSSSSSSSSSSSSSSSSS
RRRPRPRPPPPPPPPPPPPPPPPPSSSSSSSS
RPPPPPPPPPSSSSSSSSSSSSSSSSSSSSSS
RRRPRRRPRRRPRRRPRRRPRRRPPPPPSSSS
RRRPRRRPRRRPRRRPRRRPPPSSSSSSSSSS
RRRPRPRPPPPSSSSSSSSSSSSSSSSSSSSS
RRRPRRRPRRRPRRRPRPRPPPSSSSSSSSSS
RRRPRPRPPPPPPPPPPSSSSSSSSSSSSSSS
RRRPRRRPRRRPRRRPRPPPPPSSSSSSSSSS
RRRPRRRPRRRPRRRPRRRPRRRPRPRPPPSS
RRRPRRRPPPPPPPPSSSSSSSSSSSSSSSSS
RRRPRPPPPPPPPPPPPPPPPPPSSSSSSSSS
RRRPPPPPPPSSSSSSSSSSSSSSSSSSSSSS
RRRPRRRPRRRPRRRPRRRPRPRPPPPPPSSS
RRRPRRRPRPPPPPPSSSSSSSSSSSSSSSSS
RRRPPPPPPPPPPPPPPPPPPPPPPPPPPSSS
RRRPRPRPPPPPPPPPPPPPPPPPSSSSSSSS
RRRPRRRPRPRPPPPPPPPPPPPPPPPPPPPS
RRRPRRRPRRRPRRRPRRRPRPPPPSSSSSSS
RRRPPPPPPPPPPPPPPPPPPPPPPPPPSSSS
RRRPRRRPRRRPRRRPRPPPPPSSSSSSSSSS
RRRPRRRPRRRPRRRPRRRPRRRPRPPPPSSS
RRRPRRRPRRRPRPRPPPPPPPPPPSSSSSSS
RPRPPPPPPPPPPPPPPPPPSSSSSSSSSSSS
RPPPPPPPPSSSSSSSSSSSSSSSSSSSSSSS
RRRPRRRPRRRPRRRPPPPPPPPSSSSSSSSS
RPPPPPPPPPPPPPPPPPPPPPPPPSSSSSSS
RRRPRRRPPPPPPPPPPPPPPPPPPPPPSSSS
RRRPRRRPRRRPRRRPRRRPRRRPRPPPSSSS
RPRPPPPPPPPPPPPPPPPPPPPPPPSSSSSS
