RRRPRRRPRRRPRRRPRRRPRRRPRPSSSSSS
RRRPRRRPRRRPRRRPRRRPRRRPRRRPRPPS
RRRPRRRPRRRPRRRPRRRPRRRPRPRSSSSS
RRRPRRRPRRRPRRRPRRRPRRRPPPPPPPPS
RRRPRRRPRRRPRRRPRPPPPPPPPPPPPPSS
RRRPRRRPRRRPRRRPRRRPRRRPRRRPRPPS
RRRPRRRPRRRPRPRPPPPPPPSSSSSSSSSS
RPRPPPPPPPPPPPPPPPPSSSSSSSSSSSSS
RPRPPPPPPPPPPPPPPPSSSSSSSSSSSSSS
RRRPRRRPPPPPPSSSSSSSSSSSSSSSSSSS
RRRPRRRPRRRPRRRPRRRPRPRPPPPSSSSS
RRRPRRRPRRRPRRRPRPPPPPPPPPPSSSSS
RPRPPPPPSSSSSSSSSSSSSSSSSSSSSSSS
RRRPRRRPRRRPRRRPRRRPRPPPPPPSSSSS
RRRPRRRPRRRPRRRPRRRPRRRPRPRSSSSS
RRRPRPRPPPPPPPPPPPSSSSSSSSSSSSSS
RRRPPPPPPPPSSSSSSSSSSSSSSSSSSSSS
RRRPRRRPRRRPRRRPSSSSSSSSSSSSSSSS
RRRPRPRPPPPPPPPPPPPPPPPPPPPPPSSS
RPPPPPPPPPPPPPPPPPPPPPPSSSSSSSSS
RRRPRRRPRRRPRRRPRRRPRRRPRRRPPPSS
RRRPRRRPRRRPRRRPRRRPRRRPPPPSSSSS
RRRPRPRPPSSSSSSSSSSSSSSSSSSSSSSS
RRRPRRRPRPRPPPSSSSSSSSSSSSSSSSSS
RPPPPPPPPPPPPPPPPPPPPPPPPPPPPSSS
RRRPRRRPRRRPRRRPRPRPPPPPPSSSSSSS
RRRPRRRPRRRPRPPPPPSSSSSSSSSSSSSS
RRRPPPPPPPPPPSSSSSSSSSSSSSSSSSSS
RRRPRRRPRRRPRRRPRRRPRRRPRPPSSSSS
RRRPRRRPRRRPRPRPPPPPPPPPSSSSSSSS
RRRPRRRPRRRPRRRPRPPPPPPPPPPPPSSS
RRRPRRRPPPPSSSSSSSSSSSSSSSSSSSSS
RRRPRRRPRRRPRRRPRRRPRPRPPPPPSSSS
RRRPRPPPPPPPPPPPPPPPPPSSSSSSSSSS
RRRPRRRPRRRPRRRPRRRPRRRPRPPPPPPS
RRRPRRRPRPRPPPPPPPPPPPPPPPPSSSSS
RRRPRRRPRRRPRRRPRRRPRPRPPPPPPSSS
RRRPRRRPRRRPRRRPRPRPPSSSSSSSSSSS
RRRPRRRPRRRPRRRPRRRPPPPPPPSSSSSS
RRRPRRRPRRRPRRRPRRRPRRRPRPPPPPSS
RRRPRRRPRRRPRPRPPPPPPPPPSSSSSSSS
RRRPRRRPRPPPPPPSSSSSSSSSSSSSSSSS
RPRPPPPPPPPPPPPPPPPSSSSSSSSSSSSS
RRRPRRRPRRRPRRRPRRRPPPSSSSSSSSSS
RRRPRRRPRRRPRRRPRPRPPPPSSSSSSSSS
RRRPRPRPPPPPPPSSSSSSSSSSSSSSSSSS
RRRPRRRPRPRPSSSSSSSSSSSSSSSSSSSS
RRRPRRRPRRRPRRRPRRRPPPPSSSSSSSSS
RRRPRRRPRRRPRRRPRRRPPPPPPPPPPPSS
RRRPRRRPRRRPRRRPSSSSSSSSSSSSSSSS
